<?xml version="1.0" encoding="UTF-8"?>
<testsuite xmlns:xsi="http://www.w3.org/2001/XMLSchema-instance" xsi:noNamespaceSchemaLocation="https://maven.apache.org/surefire/maven-surefire-plugin/xsd/surefire-test-report-3.0.xsd" version="3.0" name="com.salesianostriana.dam.recreativof1manuelgomez.RecreativoF1ManuelGomezApplicationTests" time="3.554" tests="1" errors="0" skipped="0" failures="0">
  <properties>
[...]
</properties>
  <testcase name="contextLoads" classname="com.salesianostriana.dam.recreativof1manuelgomez.RecreativoF1ManuelGomezApplicationTests" time="0.376">
    <system-out><![CDATA[21:44:14.320 [main] INFO org.springframework.test.context.support.AnnotationConfigContextLoaderUtils -- Could not detect default configuration classes for test class [com.salesianostriana.dam.recreativof1manuelgomez.RecreativoF1ManuelGomezApplicationTests]: RecreativoF1ManuelGomezApplicationTests does not declare any static, non-private, non-final, nested classes annotated with @Configuration.
21:44:14.390 [main] INFO org.springframework.boot.test.context.SpringBootTestContextBootstrapper -- Found @SpringBootConfiguration com.salesianostriana.dam.recreativof1manuelgomez.RecreativoF1ManuelGomezApplication for test class com.salesianostriana.dam.recreativof1manuelgomez.RecreativoF1ManuelGomezApplicationTests

  .   ____          _            __ _ _
 /\\ / ___'_ __ _ _(_)_ __  __ _ \ \ \ \
( ( )\___ | '_ | '_| | '_ \/ _` | \ \ \ \
 \\/  ___)| |_)| | | | | || (_| |  ) ) ) )
  '  |____| .__|_| |_|_| |_\__, | / / / /
 =========|_|==============|___/=/_/_/_/
 :: Spring Boot ::                (v3.2.5)

2024-05-09T21:44:14.654+02:00  INFO 5780 --- [PruebaBuenaManuelGomez] [           main] .RecreativoF1ManuelGomezApplicationTests : Starting RecreativoF1ManuelGomezApplicationTests using Java 17.0.10 with PID 5780 (started by super in D:\DAM\RecreativoF1\RecreativoF1ManuelGomez)
2024-05-09T21:44:14.655+02:00  INFO 5780 --- [PruebaBuenaManuelGomez] [           main] .RecreativoF1ManuelGomezApplicationTests : No active profile set, falling back to 1 default profile: "default"
2024-05-09T21:44:15.101+02:00  INFO 5780 --- [PruebaBuenaManuelGomez] [           main] .s.d.r.c.RepositoryConfigurationDelegate : Bootstrapping Spring Data JPA repositories in DEFAULT mode.
2024-05-09T21:44:15.159+02:00  INFO 5780 --- [PruebaBuenaManuelGomez] [           main] .s.d.r.c.RepositoryConfigurationDelegate : Finished Spring Data repository scanning in 51 ms. Found 8 JPA repository interfaces.
2024-05-09T21:44:15.498+02:00  INFO 5780 --- [PruebaBuenaManuelGomez] [           main] o.hibernate.jpa.internal.util.LogHelper  : HHH000204: Processing PersistenceUnitInfo [name: default]
2024-05-09T21:44:15.536+02:00  INFO 5780 --- [PruebaBuenaManuelGomez] [           main] org.hibernate.Version                    : HHH000412: Hibernate ORM core version 6.4.4.Final
2024-05-09T21:44:15.561+02:00  INFO 5780 --- [PruebaBuenaManuelGomez] [           main] o.h.c.internal.RegionFactoryInitiator    : HHH000026: Second-level cache disabled
2024-05-09T21:44:15.775+02:00  INFO 5780 --- [PruebaBuenaManuelGomez] [           main] o.s.o.j.p.SpringPersistenceUnitInfo      : No LoadTimeWeaver setup: ignoring JPA class transformer
2024-05-09T21:44:15.795+02:00  INFO 5780 --- [PruebaBuenaManuelGomez] [           main] com.zaxxer.hikari.HikariDataSource       : HikariPool-1 - Starting...
2024-05-09T21:44:15.962+02:00  INFO 5780 --- [PruebaBuenaManuelGomez] [           main] com.zaxxer.hikari.pool.HikariPool        : HikariPool-1 - Added connection conn0: url=jdbc:h2:./db/basededatos user=SA
2024-05-09T21:44:15.963+02:00  INFO 5780 --- [PruebaBuenaManuelGomez] [           main] com.zaxxer.hikari.HikariDataSource       : HikariPool-1 - Start completed.
2024-05-09T21:44:16.723+02:00  INFO 5780 --- [PruebaBuenaManuelGomez] [           main] o.h.e.t.j.p.i.JtaPlatformInitiator       : HHH000489: No JTA platform available (set 'hibernate.transaction.jta.platform' to enable JTA platform integration)
Hibernate: drop table if exists carrera cascade 
Hibernate: drop table if exists coche cascade 
Hibernate: drop table if exists componente cascade 
Hibernate: drop table if exists empleado cascade 
Hibernate: drop table if exists jefe_equipo cascade 
Hibernate: drop table if exists mecanico cascade 
Hibernate: drop table if exists piloto cascade 
Hibernate: drop table if exists presupuesto cascade 
Hibernate: drop sequence if exists carrera_seq
Hibernate: drop sequence if exists coche_seq
Hibernate: drop sequence if exists componente_seq
Hibernate: drop sequence if exists empleado_seq
Hibernate: drop sequence if exists presupuesto_seq
Hibernate: create sequence carrera_seq start with 1 increment by 50
Hibernate: create sequence coche_seq start with 1 increment by 50
Hibernate: create sequence componente_seq start with 1 increment by 50
Hibernate: create sequence empleado_seq start with 1 increment by 50
Hibernate: create sequence presupuesto_seq start with 1 increment by 50
Hibernate: create table carrera (longitud_por_vuelta float(53) not null, longitud_total float(53) not null, id bigint not null, presupuesto_id_presupuesto bigint, descripcion varchar(255), localizacion varchar(255), nombre_circuito varchar(255), tipo_asfaltado varchar(255), primary key (id))
Hibernate: create table coche (esta_daniado boolean not null, posicion_carrera integer not null, carrera_coche_id bigint, id_coche bigint not null, nombre varchar(255), primary key (id_coche))
Hibernate: create table componente (durabilidad float(53) not null, precio float(53) not null, carrera_componente_id bigint, coche_componente_id_coche bigint, id_componente bigint not null, jefe_componente_id_empleado bigint, marca varchar(255), tipo_componente varchar(255), primary key (id_componente))
Hibernate: create table empleado (fecha_nacimiento date, incentivo float(53) not null, salario float(53) not null, carrera_empleado_id bigint, id_empleado bigint not null, apellidos varchar(255), dni varchar(255), nombre varchar(255), primary key (id_empleado))
Hibernate: create table jefe_equipo (id_empleado bigint not null, primary key (id_empleado))
Hibernate: create table mecanico (coche_mecanico_id_coche bigint, id_empleado bigint not null, primary key (id_empleado))
Hibernate: create table piloto (posicion_carrera integer not null, coche_piloto_id_coche bigint unique, id_empleado bigint not null, primary key (id_empleado))
Hibernate: create table presupuesto (gastosfijos float(53) not null, gastosvariables float(53) not null, ingresos_fijos float(53) not null, ingresos_variables float(53) not null, id_presupuesto bigint not null, primary key (id_presupuesto))
Hibernate: alter table if exists carrera add constraint fk_carrera_presupuesto foreign key (presupuesto_id_presupuesto) references presupuesto
Hibernate: alter table if exists coche add constraint fk_coche_carrera foreign key (carrera_coche_id) references carrera
Hibernate: alter table if exists componente add constraint fk_componente_carrera foreign key (carrera_componente_id) references carrera
Hibernate: alter table if exists componente add constraint fk_componente_coche foreign key (coche_componente_id_coche) references coche
Hibernate: alter table if exists componente add constraint fk_componente_jefeEquipo foreign key (jefe_componente_id_empleado) references jefe_equipo
Hibernate: alter table if exists empleado add constraint fk_empleado_carrera foreign key (carrera_empleado_id) references carrera
Hibernate: alter table if exists jefe_equipo add constraint FKmxevf0rmgctc110a95865669 foreign key (id_empleado) references empleado
Hibernate: alter table if exists mecanico add constraint mecanico_coche foreign key (coche_mecanico_id_coche) references coche
Hibernate: alter table if exists mecanico add constraint FKblf3dmlke3kc9qo3fq10ukpvy foreign key (id_empleado) references empleado
Hibernate: alter table if exists piloto add constraint fk_piloto_coche foreign key (coche_piloto_id_coche) references coche
Hibernate: alter table if exists piloto add constraint FK7lcq2m4yn5poe7pdmsimval0h foreign key (id_empleado) references empleado
Hibernate: insert into carrera (id, longitud_por_vuelta, longitud_total, localizacion, nombre_circuito, tipo_asfaltado, descripcion) values (1, 5.0, 55, 'Monaco', 'Monaco', 'Nuevo', 'Vaya pasada que es el circuito de mÃ³naco chaval')
Hibernate: insert into coche (esta_daniado, posicion_carrera, carrera_coche_id, id_coche, nombre) values (false, 2, 1, 1, 'Coche 1')
Hibernate: insert into coche (esta_daniado, posicion_carrera, carrera_coche_id, id_coche, nombre) values (true, 3, 1, 2, 'Coche 2')
Hibernate: insert into empleado (id_empleado, nombre, apellidos, dni, salario, incentivo, carrera_empleado_id) values (1, 'Lucho', 'Sutherden', 'Abata', 16430.99, 20.0, 1)
Hibernate: insert into empleado (id_empleado, nombre, apellidos, dni, salario, incentivo, carrera_empleado_id) values (2, 'Dory', 'Thieme', 'Aivee', 54769.92, 20.0, 1)
Hibernate: insert into empleado (id_empleado, nombre, apellidos, dni, salario, incentivo, carrera_empleado_id) values (3, 'Grissel', 'Macallam', 'Yoveo', 44096.63, 20.0, 1)
Hibernate: insert into empleado (id_empleado, nombre, apellidos, dni, salario, incentivo, carrera_empleado_id) values (4, 'Blondie', 'Simenot', 'Skyndu', 72597.04, 20.0, 1)
Hibernate: insert into empleado (id_empleado, nombre, apellidos, dni, salario, incentivo, carrera_empleado_id) values (5, 'Berkeley', 'Mawdsley', 'Yamia', 24000.62, 20.0, 1)
Hibernate: insert into empleado (id_empleado, nombre, apellidos, dni, salario, incentivo, carrera_empleado_id) values (6, 'Chucho', 'Burree', 'Jabbercube', 70437.55, 20.0, 1)
Hibernate: insert into empleado (id_empleado, nombre, apellidos, dni, salario, incentivo, carrera_empleado_id) values (7, 'Jo-anne', 'Hudspeth', 'Dabfeed', 9409.82, 20.0, 1)
Hibernate: insert into empleado (id_empleado, nombre, apellidos, dni, salario, incentivo, carrera_empleado_id) values (8, 'Shea', 'Roobottom', 'Jetwire', 73821.48, 20.0, 1)
Hibernate: insert into empleado (id_empleado, nombre, apellidos, dni, salario, incentivo, carrera_empleado_id) values (9, 'Cele', 'Gathercoal', 'Viva', 99070.69, 20.0, 1)
Hibernate: insert into empleado (id_empleado, nombre, apellidos, dni, salario, incentivo, carrera_empleado_id) values (10, 'Kane', 'MacMurray', 'Kamba', 26255.46, 20.0, 1)
Hibernate: insert into jefe_equipo (id_empleado) values (2)
Hibernate: insert into componente (id_componente, tipo_componente, durabilidad, precio, marca, carrera_componente_id, coche_componente_id_coche, jefe_componente_id_empleado) values (1, 'Motor', 15, 1500.0, 'Honda', 1, 1,2)
Hibernate: insert into componente (id_componente, tipo_componente, durabilidad, precio, marca, carrera_componente_id, coche_componente_id_coche, jefe_componente_id_empleado) values (2, 'Motor', 15, 1500.0, 'Honda', 1, 2,2)
Hibernate: insert into componente (id_componente, tipo_componente, durabilidad, precio, marca, carrera_componente_id, coche_componente_id_coche, jefe_componente_id_empleado) values (3, 'Motor', 15, 1500.0, 'Honda', 1, 1,2)
Hibernate: insert into componente (id_componente, tipo_componente, durabilidad, precio, marca, carrera_componente_id, coche_componente_id_coche, jefe_componente_id_empleado) values (4, 'Motor', 15, 1500.0, 'Honda', 1, 2,2)
Hibernate: insert into componente (id_componente, tipo_componente, durabilidad, precio, marca, carrera_componente_id, coche_componente_id_coche, jefe_componente_id_empleado) values (5, 'Motor', 15, 1500.0, 'Honda', 1, 1,2)
Hibernate: insert into componente (id_componente, tipo_componente, durabilidad, precio, marca, carrera_componente_id, coche_componente_id_coche, jefe_componente_id_empleado) values (6, 'Motor', 15, 1500.0, 'Honda', 1, 2,2)
Hibernate: insert into componente (id_componente, tipo_componente, durabilidad, precio, marca, carrera_componente_id, coche_componente_id_coche, jefe_componente_id_empleado) values (7, 'Motor', 15, 1500.0, 'Honda', 1, 1,2)
Hibernate: insert into componente (id_componente, tipo_componente, durabilidad, precio, marca, carrera_componente_id, coche_componente_id_coche, jefe_componente_id_empleado) values (8, 'Motor', 15, 1500.0, 'Honda', 1, 2,2)
Hibernate: insert into componente (id_componente, tipo_componente, durabilidad, precio, marca, carrera_componente_id, coche_componente_id_coche, jefe_componente_id_empleado) values (9, 'Motor', 15, 1500.0, 'Honda', 1, 1,2)
Hibernate: insert into mecanico(coche_mecanico_id_coche, id_empleado) values (1, 1)
Hibernate: insert into piloto (posicion_carrera, coche_piloto_id_coche, id_empleado) values (5, 1, 3)
Hibernate: insert into piloto (posicion_carrera, coche_piloto_id_coche, id_empleado) values (5, 2, 4)
Hibernate: ALTER SEQUENCE empleado_seq RESTART WITH (60)
Hibernate: ALTER SEQUENCE coche_seq RESTART WITH (52)
Hibernate: ALTER SEQUENCE componente_seq RESTART WITH (59)
Hibernate: ALTER SEQUENCE presupuesto_seq RESTART WITH (59)
Hibernate: ALTER SEQUENCE carrera_seq RESTART WITH (51)
2024-05-09T21:44:16.780+02:00  INFO 5780 --- [PruebaBuenaManuelGomez] [           main] j.LocalContainerEntityManagerFactoryBean : Initialized JPA EntityManagerFactory for persistence unit 'default'
2024-05-09T21:44:17.087+02:00  WARN 5780 --- [PruebaBuenaManuelGomez] [           main] JpaBaseConfiguration$JpaWebConfiguration : spring.jpa.open-in-view is enabled by default. Therefore, database queries may be performed during view rendering. Explicitly configure spring.jpa.open-in-view to disable this warning
2024-05-09T21:44:17.334+02:00  INFO 5780 --- [PruebaBuenaManuelGomez] [           main] o.s.b.a.h2.H2ConsoleAutoConfiguration    : H2 console available at '/h2-console'. Database available at 'jdbc:h2:./db/basededatos'
2024-05-09T21:44:17.371+02:00  INFO 5780 --- [PruebaBuenaManuelGomez] [           main] .RecreativoF1ManuelGomezApplicationTests : Started RecreativoF1ManuelGomezApplicationTests in 2.877 seconds (process running for 3.601)
]]></system-out>
  </testcase>
</testsuite>